----------------------------------------------------------------
Sun Jan 17 22:52:51 IST 2021:
Booting Derby version The Apache Software Foundation - Apache Derby - 10.14.2.0 - (1828579): instance a816c00e-0177-115e-f0a3-000001097228 
on database directory memory:D:\My_Work_Space\Git Repositories\spring-boot-practice\course-api\ac37710b-90e9-4afe-8f5c-bfec11ecbeb7 with class loader jdk.internal.loader.ClassLoaders$AppClassLoader@73d16e93 
Loaded from file:/C:/Users/Siva/.m2/repository/org/apache/derby/derby/10.14.2.0/derby-10.14.2.0.jar
java.vendor=Oracle Corporation
java.runtime.version=15.0.1+9-18
user.dir=D:\My_Work_Space\Git Repositories\spring-boot-practice\course-api
os.name=Windows 10
os.arch=amd64
os.version=10.0
derby.system.home=null
Database Class Loader started - derby.database.classpath=''
----------------------------------------------------------------
Sun Jan 17 22:54:48 IST 2021:
Shutting down instance a816c00e-0177-115e-f0a3-000001097228 on database directory memory:D:\My_Work_Space\Git Repositories\spring-boot-practice\course-api\ac37710b-90e9-4afe-8f5c-bfec11ecbeb7 with class loader jdk.internal.loader.ClassLoaders$AppClassLoader@73d16e93 
----------------------------------------------------------------
Sun Jan 17 22:54:50 IST 2021:
Booting Derby version The Apache Software Foundation - Apache Derby - 10.14.2.0 - (1828579): instance f33d40c7-0177-115e-f0a3-000001097228 
on database directory memory:D:\My_Work_Space\Git Repositories\spring-boot-practice\course-api\4fb9a2c1-e3e0-4d84-bee1-da27f701f8b1 with class loader jdk.internal.loader.ClassLoaders$AppClassLoader@73d16e93 
Loaded from file:/C:/Users/Siva/.m2/repository/org/apache/derby/derby/10.14.2.0/derby-10.14.2.0.jar
java.vendor=Oracle Corporation
java.runtime.version=15.0.1+9-18
user.dir=D:\My_Work_Space\Git Repositories\spring-boot-practice\course-api
os.name=Windows 10
os.arch=amd64
os.version=10.0
derby.system.home=null
Database Class Loader started - derby.database.classpath=''
----------------------------------------------------------------
Sun Jan 17 22:56:04 IST 2021:
Shutting down instance f33d40c7-0177-115e-f0a3-000001097228 on database directory memory:D:\My_Work_Space\Git Repositories\spring-boot-practice\course-api\4fb9a2c1-e3e0-4d84-bee1-da27f701f8b1 with class loader jdk.internal.loader.ClassLoaders$AppClassLoader@73d16e93 
----------------------------------------------------------------
Sun Jan 17 22:56:05 IST 2021:
Booting Derby version The Apache Software Foundation - Apache Derby - 10.14.2.0 - (1828579): instance 65f3c17b-0177-115e-f0a3-000001097228 
on database directory memory:D:\My_Work_Space\Git Repositories\spring-boot-practice\course-api\ebb0de16-4cd3-4670-ba22-53fe3146e85a with class loader jdk.internal.loader.ClassLoaders$AppClassLoader@73d16e93 
Loaded from file:/C:/Users/Siva/.m2/repository/org/apache/derby/derby/10.14.2.0/derby-10.14.2.0.jar
java.vendor=Oracle Corporation
java.runtime.version=15.0.1+9-18
user.dir=D:\My_Work_Space\Git Repositories\spring-boot-practice\course-api
os.name=Windows 10
os.arch=amd64
os.version=10.0
derby.system.home=null
Database Class Loader started - derby.database.classpath=''
